C:\USERS\MEDIVH\DOCUMENTS\VISUAL STUDIO 2012\PROJECTS\PERSEARCH\PERSEARCH\X64\RELEASE\PERSEARCH.OBJ
C:\USERS\MEDIVH\DOCUMENTS\VISUAL STUDIO 2012\PROJECTS\PERSEARCH\PERSEARCH\X64\RELEASE\ASSEMBLYINFO.OBJ
C:\USERS\MEDIVH\DOCUMENTS\VISUAL STUDIO 2012\PROJECTS\PERSEARCH\PERSEARCH\X64\RELEASE\.NETFRAMEWORK,VERSION=V4.5.ASSEMBLYATTRIBUTES.OBJ
C:\USERS\MEDIVH\DOCUMENTS\VISUAL STUDIO 2012\PROJECTS\PERSEARCH\PERSEARCH\X64\RELEASE\VC110.PDB
C:\USERS\MEDIVH\DOCUMENTS\VISUAL STUDIO 2012\PROJECTS\PERSEARCH\PERSEARCH\X64\RELEASE\MYFUNCTION.OBJ
C:\USERS\MEDIVH\DOCUMENTS\VISUAL STUDIO 2012\PROJECTS\PERSEARCH\PERSEARCH\X64\RELEASE\PERSEARCH.PCH
C:\USERS\MEDIVH\DOCUMENTS\VISUAL STUDIO 2012\PROJECTS\PERSEARCH\PERSEARCH\X64\RELEASE\STDAFX.OBJ
C:\USERS\MEDIVH\DOCUMENTS\VISUAL STUDIO 2012\PROJECTS\PERSEARCH\X64\RELEASE\PERSEARCH.EXE
C:\USERS\MEDIVH\DOCUMENTS\VISUAL STUDIO 2012\PROJECTS\PERSEARCH\X64\RELEASE\PERSEARCH.PDB
c:\Users\Medivh\documents\visual studio 2012\Projects\PerSearch\PerSearch\x64\Release\PerSearch.Form1.resources
C:\Users\Medivh\Documents\Visual Studio 2012\Projects\PerSearch\PerSearch\x64\Release\PerSearch.Form1.resources
C:\USERS\MEDIVH\DOCUMENTS\VISUAL STUDIO 2012\PROJECTS\PERSEARCH\PERSEARCH\X64\RELEASE\APP.RES
C:\Users\Medivh\Documents\Visual Studio 2012\Projects\PerSearch\PerSearch\x64\Release\PerSearch.vcxproj.GenerateResource.Cache
C:\Users\Medivh\Documents\Visual Studio 2012\Projects\PerSearch\PerSearch\x64\Release\PerSearch.vcxprojResolveAssemblyReference.cache
C:\Users\Medivh\Documents\Visual Studio 2012\Projects\PerSearch\PerSearch\x64\Release\.NETFramework,Version=v4.5.AssemblyAttributes.obj
C:\Users\Medivh\Documents\Visual Studio 2012\Projects\PerSearch\PerSearch\x64\Release\AssemblyInfo.obj
C:\Users\Medivh\Documents\Visual Studio 2012\Projects\PerSearch\PerSearch\x64\Release\myFunction.obj
C:\Users\Medivh\Documents\Visual Studio 2012\Projects\PerSearch\PerSearch\x64\Release\myRoi.obj
C:\Users\Medivh\Documents\Visual Studio 2012\Projects\PerSearch\PerSearch\x64\Release\PerSearch.obj
C:\Users\Medivh\Documents\Visual Studio 2012\Projects\PerSearch\PerSearch\x64\Release\stdafx.obj
C:\Users\Medivh\Documents\Visual Studio 2012\Projects\PerSearch\PerSearch\x64\Release\cl.command.1.tlog
C:\Users\Medivh\Documents\Visual Studio 2012\Projects\PerSearch\PerSearch\x64\Release\CL.read.1.tlog
C:\Users\Medivh\Documents\Visual Studio 2012\Projects\PerSearch\PerSearch\x64\Release\CL.write.1.tlog
C:\Users\Medivh\Documents\Visual Studio 2012\Projects\PerSearch\PerSearch\x64\Release\link-cvtres.read.1.tlog
C:\Users\Medivh\Documents\Visual Studio 2012\Projects\PerSearch\PerSearch\x64\Release\link-cvtres.write.1.tlog
C:\Users\Medivh\Documents\Visual Studio 2012\Projects\PerSearch\PerSearch\x64\Release\link-rc.read.1.tlog
C:\Users\Medivh\Documents\Visual Studio 2012\Projects\PerSearch\PerSearch\x64\Release\link-rc.write.1.tlog
C:\Users\Medivh\Documents\Visual Studio 2012\Projects\PerSearch\PerSearch\x64\Release\link.command.1.tlog
C:\Users\Medivh\Documents\Visual Studio 2012\Projects\PerSearch\PerSearch\x64\Release\link.read.1.tlog
C:\Users\Medivh\Documents\Visual Studio 2012\Projects\PerSearch\PerSearch\x64\Release\link.write.1.tlog
C:\Users\Medivh\Documents\Visual Studio 2012\Projects\PerSearch\PerSearch\x64\Release\metagen.read.1.tlog
C:\Users\Medivh\Documents\Visual Studio 2012\Projects\PerSearch\PerSearch\x64\Release\metagen.write.1.tlog
C:\Users\Medivh\Documents\Visual Studio 2012\Projects\PerSearch\PerSearch\x64\Release\PerSearch.write.1.tlog
C:\Users\Medivh\Documents\Visual Studio 2012\Projects\PerSearch\PerSearch\x64\Release\rc.command.1.tlog
C:\Users\Medivh\Documents\Visual Studio 2012\Projects\PerSearch\PerSearch\x64\Release\rc.read.1.tlog
C:\Users\Medivh\Documents\Visual Studio 2012\Projects\PerSearch\PerSearch\x64\Release\rc.write.1.tlog
C:\Users\Medivh\Documents\Visual Studio 2012\Projects\PerSearch\PerSearch\x64\Release\app.res
C:\Users\Medivh\Documents\Visual Studio 2012\Projects\PerSearch\PerSearch\x64\Release\PerSearch.pch
C:\Users\Medivh\Documents\Visual Studio 2012\Projects\PerSearch\PerSearch\x64\Release\vc110.pdb
C:\Users\Medivh\Documents\Visual Studio 2012\Projects\PerSearch\PerSearch\x64\Release\TZRES.DLL.bi
C:\Users\Medivh\Documents\Visual Studio 2012\Projects\PerSearch\x64\Release\PerSearch.pdb
C:\Users\Medivh\Documents\Visual Studio 2012\Projects\PerSearch\x64\Release\PerSearch.exe
