Построение начато 24.04.2017 16:47:26.
     1>Проект "C:\Users\Medivh\Documents\Visual Studio 2012\Projects\PerSearch\PerSearch\PerSearch.vcxproj" в узле 2 (целевые объекты Build).
     1>ClCompile:
         D:\Visual Studio 2012\VC\bin\x86_amd64\CL.exe /c /AI"C:\Program Files (x86)\Reference Assemblies\Microsoft\Framework\.NETFramework\v4.5\\" /AI"C:\Program Files (x86)\Windows Kits\8.0\References\CommonConfiguration\Neutral" /AI"C:\Program Files (x86)\Reference Assemblies\Microsoft\Framework\.NETFramework\v4.5\Facades\\" /Zi /clr /nologo /W3 /WX- /O2 /D WIN32 /D NDEBUG /D _UNICODE /D UNICODE /EHa /MD /GS /fp:precise /Zc:wchar_t /Zc:forScope /Yu"stdafx.h" /Fp"x64\Release\PerSearch.pch" /Fo"x64\Release\\" /Fd"x64\Release\vc110.pdb" /TP /FU"C:\Program Files (x86)\Reference Assemblies\Microsoft\Framework\.NETFramework\v4.5\mscorlib.dll" /FU"C:\Program Files (x86)\Reference Assemblies\Microsoft\Framework\.NETFramework\v4.5\System.Data.dll" /FU"C:\Program Files (x86)\Reference Assemblies\Microsoft\Framework\.NETFramework\v4.5\System.dll" /FU"C:\Program Files (x86)\Reference Assemblies\Microsoft\Framework\.NETFramework\v4.5\System.Drawing.dll" /FU"C:\Program Files (x86)\Reference Assemblies\Microsoft\Framework\.NETFramework\v4.5\System.Windows.Forms.DataVisualization.dll" /FU"C:\Program Files (x86)\Reference Assemblies\Microsoft\Framework\.NETFramework\v4.5\System.Windows.Forms.dll" /FU"C:\Program Files (x86)\Reference Assemblies\Microsoft\Framework\.NETFramework\v4.5\System.Xml.dll" /errorReport:prompt /clr:nostdlib PerSearch.cpp
         PerSearch.cpp
     1>c:\users\medivh\documents\visual studio 2012\projects\persearch\persearch\Form1.h(1510): warning C4267: аргумент: преобразование из "size_t" в "int"; возможна потеря данных
     1>c:\users\medivh\documents\visual studio 2012\projects\persearch\persearch\Form1.h(1516): warning C4267: аргумент: преобразование из "size_t" в "int"; возможна потеря данных
     1>c:\users\medivh\documents\visual studio 2012\projects\persearch\persearch\Form1.h(1548): warning C4258: i: определение из цикла for игнорируется; используется определение из внешней области видимости
                 c:\users\medivh\documents\visual studio 2012\projects\persearch\persearch\Form1.h(1534): пропуск определения "i"
                 c:\users\medivh\documents\visual studio 2012\projects\persearch\persearch\Form1.h(1470): используется определение "i"
     1>c:\users\medivh\documents\visual studio 2012\projects\persearch\persearch\Form1.h(1548): warning C4267: аргумент: преобразование из "size_t" в "int"; возможна потеря данных
     1>c:\users\medivh\documents\visual studio 2012\projects\persearch\persearch\Form1.h(1549): warning C4258: i: определение из цикла for игнорируется; используется определение из внешней области видимости
                 c:\users\medivh\documents\visual studio 2012\projects\persearch\persearch\Form1.h(1534): пропуск определения "i"
                 c:\users\medivh\documents\visual studio 2012\projects\persearch\persearch\Form1.h(1470): используется определение "i"
     1>c:\users\medivh\documents\visual studio 2012\projects\persearch\persearch\Form1.h(1549): warning C4267: аргумент: преобразование из "size_t" в "int"; возможна потеря данных
     1>c:\users\medivh\documents\visual studio 2012\projects\persearch\persearch\Form1.h(1656): warning C4244: =: преобразование "double" в "int", возможна потеря данных
     1>c:\users\medivh\documents\visual studio 2012\projects\persearch\persearch\Form1.h(1657): warning C4150: удаление указателя на неполный тип "CvCapture"; деструктор не вызван
                 C:\OCV\opencv\build\include\opencv2/highgui/highgui_c.h(267): см. объявление "CvCapture"
     1>c:\users\medivh\documents\visual studio 2012\projects\persearch\persearch\Form1.h(1668): warning C4244: =: преобразование "double" в "int", возможна потеря данных
     1>c:\users\medivh\documents\visual studio 2012\projects\persearch\persearch\Form1.h(1684): warning C4244: =: преобразование "double" в "int", возможна потеря данных
     1>c:\users\medivh\documents\visual studio 2012\projects\persearch\persearch\Form1.h(1701): warning C4244: =: преобразование "double" в "int", возможна потеря данных
     1>c:\users\medivh\documents\visual studio 2012\projects\persearch\persearch\Form1.h(1719): warning C4244: =: преобразование "double" в "int", возможна потеря данных
     1>c:\users\medivh\documents\visual studio 2012\projects\persearch\persearch\Form1.h(1737): warning C4244: =: преобразование "double" в "int", возможна потеря данных
     1>c:\users\medivh\documents\visual studio 2012\projects\persearch\persearch\Form1.h(1755): warning C4244: =: преобразование "double" в "int", возможна потеря данных
     1>c:\users\medivh\documents\visual studio 2012\projects\persearch\persearch\Form1.h(1773): warning C4244: =: преобразование "double" в "int", возможна потеря данных
     1>c:\users\medivh\documents\visual studio 2012\projects\persearch\persearch\Form1.h(1853): warning C4101: inspect: неиспользованная локальная переменная
     1>c:\users\medivh\documents\visual studio 2012\projects\persearch\persearch\Form1.h(1885): warning C4101: inspect: неиспользованная локальная переменная
     1>c:\users\medivh\documents\visual studio 2012\projects\persearch\persearch\Form1.h(1911): warning C4101: inspect: неиспользованная локальная переменная
     1>c:\users\medivh\documents\visual studio 2012\projects\persearch\persearch\Form1.h(1932): warning C4101: inspect: неиспользованная локальная переменная
     1>c:\users\medivh\documents\visual studio 2012\projects\persearch\persearch\Form1.h(1959): warning C4101: inspect: неиспользованная локальная переменная
     1>c:\users\medivh\documents\visual studio 2012\projects\persearch\persearch\Form1.h(1986): warning C4101: inspect: неиспользованная локальная переменная
     1>c:\users\medivh\documents\visual studio 2012\projects\persearch\persearch\Form1.h(2013): warning C4101: inspect: неиспользованная локальная переменная
     1>c:\users\medivh\documents\visual studio 2012\projects\persearch\persearch\Form1.h(2040): warning C4101: inspect: неиспользованная локальная переменная
     1>c:\users\medivh\documents\visual studio 2012\projects\persearch\persearch\Form1.h(2071): warning C4101: inspect: неиспользованная локальная переменная
     1>c:\users\medivh\documents\visual studio 2012\projects\persearch\persearch\Form1.h(2098): warning C4101: inspect: неиспользованная локальная переменная
     1>c:\users\medivh\documents\visual studio 2012\projects\persearch\persearch\Form1.h(2125): warning C4101: inspect: неиспользованная локальная переменная
     1>c:\users\medivh\documents\visual studio 2012\projects\persearch\persearch\Form1.h(2152): warning C4101: inspect: неиспользованная локальная переменная
     1>c:\users\medivh\documents\visual studio 2012\projects\persearch\persearch\Form1.h(2179): warning C4101: inspect: неиспользованная локальная переменная
     1>c:\users\medivh\documents\visual studio 2012\projects\persearch\persearch\Form1.h(2206): warning C4101: inspect: неиспользованная локальная переменная
     1>c:\users\medivh\documents\visual studio 2012\projects\persearch\persearch\Form1.h(2233): warning C4101: inspect: неиспользованная локальная переменная
     1>c:\ocv\opencv\build\include\opencv2\core\types_c.h(311): warning C4793: cvRound: функция скомпилирована как машинная:
         	Обнаружена встроенная функция, которая не поддерживается в управляемом коде
     1>c:\ocv\opencv\build\include\opencv2\core\types_c.h(311): warning C4793: cvRound: функция скомпилирована как машинная:
         	Выровненные типы данных не поддерживаются в управляемом коде
     1>c:\ocv\opencv\build\include\opencv2\core\types_c.h(312): warning C4793: cvRound: функция скомпилирована как машинная:
         	Обнаружена встроенная функция, которая не поддерживается в управляемом коде
     1>c:\ocv\opencv\build\include\opencv2\core\types_c.h(312): warning C4793: cvRound: функция скомпилирована как машинная:
         	Выровненные типы данных не поддерживаются в управляемом коде
     1>c:\ocv\opencv\build\include\opencv2\core\types_c.h(337): warning C4793: cvRound: функция скомпилирована как машинная:
         	Выровненные типы данных не поддерживаются в управляемом коде
       Link:
         D:\Visual Studio 2012\VC\bin\x86_amd64\link.exe /ERRORREPORT:PROMPT /OUT:"C:\Users\Medivh\Documents\Visual Studio 2012\Projects\PerSearch\x64\Release\PerSearch.exe" /INCREMENTAL:NO /NOLOGO /LIBPATH:C:\OCV\opencv\build\x64\vc12\lib opencv_core249.lib opencv_imgproc249.lib opencv_highgui249.lib opencv_ml249.lib opencv_video249.lib opencv_features2d249.lib opencv_calib3d249.lib opencv_objdetect249.lib opencv_contrib249.lib opencv_legacy249.lib opencv_flann249.lib /ASSEMBLYRESOURCE:x64\Release\PerSearch.Form1.resources /MANIFEST /MANIFESTUAC:"level='asInvoker' uiAccess='false'" /manifest:embed /DEBUG /PDB:"C:\Users\Medivh\Documents\Visual Studio 2012\Projects\PerSearch\x64\Release\PerSearch.pdb" /SUBSYSTEM:WINDOWS /TLBID:1 /ENTRY:"main" /DYNAMICBASE /FIXED:NO /NXCOMPAT /MACHINE:X64 x64\Release\app.res
         x64\Release\AssemblyInfo.obj
         x64\Release\FramePersons.obj
         x64\Release\Man.obj
         x64\Release\myFunction.obj
         x64\Release\myRoi.obj
         x64\Release\PerSearch.obj
         x64\Release\Person.obj
         x64\Release\stdafx.obj
         "x64\Release\.NETFramework,Version=v4.5.AssemblyAttributes.obj"
     1>PerSearch.obj : warning LNK4248: неразрешенная лексема TypeRef (0100004A) для "CvCapture"; образ нельзя запустить
         PerSearch.vcxproj -> C:\Users\Medivh\Documents\Visual Studio 2012\Projects\PerSearch\x64\Release\PerSearch.exe
     1>Построение проекта "C:\Users\Medivh\Documents\Visual Studio 2012\Projects\PerSearch\PerSearch\PerSearch.vcxproj" завершено (целевые объекты Build).

Построение успешно завершено.

Затраченное время: 00:00:02.37
